<component name="libraryTable">
  <library name="junit-jupiter-api-5.4.0-RC1">
    <CLASSES>
      <root url="jar://$PROJECT_DIR$/../../lib/junit-jupiter-api-5.4.0-RC1.jar!/" />
    </CLASSES>
    <JAVADOC />
    <SOURCES />
  </library>
</component>